<?xml version="1.0" encoding="UTF-8"?>
<testng-results ignored="0" total="3" passed="3" failed="0" skipped="0">
  <reporter-output>
  </reporter-output>
  <suite started-at="2025-07-13T14:55:02 CEST" name="Suite" finished-at="2025-07-13T14:55:02 CEST" duration-ms="28">
    <groups>
    </groups>
    <test started-at="2025-07-13T14:55:02 CEST" name="Car Loans" finished-at="2025-07-13T14:55:02 CEST" duration-ms="28">
      <class name="homeLoans.HomeLoans">
        <test-method signature="APIhomeLoan()[pri:0, instance:homeLoans.HomeLoans@9597028]" started-at="2025-07-13T14:55:02 CEST" name="APIhomeLoan" finished-at="2025-07-13T14:55:02 CEST" duration-ms="5" status="PASS">
          <reporter-output>
          </reporter-output>
        </test-method> <!-- APIhomeLoan -->
        <test-method signature="mobileHomeLoan()[pri:0, instance:homeLoans.HomeLoans@9597028]" started-at="2025-07-13T14:55:02 CEST" name="mobileHomeLoan" finished-at="2025-07-13T14:55:02 CEST" duration-ms="1" status="PASS">
          <reporter-output>
          </reporter-output>
        </test-method> <!-- mobileHomeLoan -->
        <test-method signature="webHomeLoan()[pri:0, instance:homeLoans.HomeLoans@9597028]" started-at="2025-07-13T14:55:02 CEST" name="webHomeLoan" finished-at="2025-07-13T14:55:02 CEST" duration-ms="0" status="PASS">
          <reporter-output>
          </reporter-output>
        </test-method> <!-- webHomeLoan -->
      </class> <!-- homeLoans.HomeLoans -->
    </test> <!-- Car Loans -->
  </suite> <!-- Suite -->
</testng-results>
