<?xml version="1.0" encoding="UTF-8"?>
<!-- Generated by org.testng.reporters.JUnitXMLReporter -->
<testsuite ignored="0" hostname="DESKTOP-QLLOF3M" failures="0" tests="3" name="Car Loans" time="0.028" errors="0" timestamp="2025-07-13T14:55:02 CEST">
  <testcase classname="homeLoans.HomeLoans" name="APIhomeLoan" time="0.005"/>
  <testcase classname="homeLoans.HomeLoans" name="mobileHomeLoan" time="0.001"/>
  <testcase classname="homeLoans.HomeLoans" name="webHomeLoan" time="0.0"/>
</testsuite> <!-- Car Loans -->
