<?xml version="1.0" encoding="UTF-8"?>
<!-- Generated by org.testng.reporters.JUnitXMLReporter -->
<testsuite ignored="2" hostname="DESKTOP-QLLOF3M" failures="0" tests="4" name="Car Loans" time="0.032" errors="0" timestamp="2025-06-04T13:22:09 CEST">
  <testcase classname="TestNG.Introduction" name="demo" time="0.005"/>
  <testcase classname="TestNG.Introduction" name="demo2" time="0.0"/>
  <testcase classname="TestNG.CarLoans" name="APICarLoan" time="0.001"/>
  <testcase classname="TestNG.CarLoans" name="mobileCarLoan" time="0.0"/>
  <testcase classname="TestNG.CarLoans" name="webCarLoan" time="0.0">
    <ignored/>
  </testcase> <!-- webCarLoan -->
  <testcase classname="TestNG.CarLoans" name="webCarLoan2" time="0.0">
    <ignored/>
  </testcase> <!-- webCarLoan2 -->
</testsuite> <!-- Car Loans -->
