<?xml version="1.0" encoding="UTF-8"?>
<!-- Generated by org.testng.reporters.JUnitXMLReporter -->
<testsuite ignored="2" hostname="DESKTOP-QLLOF3M" failures="0" tests="1" name="Home Loans" time="0.002" errors="0" timestamp="2025-06-04T13:22:09 CEST">
  <testcase classname="homeLoans.HomeLoans" name="mobileHomeLoan" time="0.0"/>
  <testcase classname="homeLoans.HomeLoans" name="webHomeLoan" time="0.0">
    <ignored/>
  </testcase> <!-- webHomeLoan -->
  <testcase classname="homeLoans.HomeLoans" name="APIhomeLoan" time="0.0">
    <ignored/>
  </testcase> <!-- APIhomeLoan -->
</testsuite> <!-- Home Loans -->
