<?xml version="1.0" encoding="UTF-8"?>
<!-- Generated by org.testng.reporters.JUnitXMLReporter -->
<testsuite ignored="0" hostname="DESKTOP-QLLOF3M" failures="0" tests="5" name="Test" time="0.032" errors="0" timestamp="2025-05-22T16:17:42 CEST">
  <testcase classname="TestNG.Introduction" name="demo" time="0.005"/>
  <testcase classname="TestNG.Introduction" name="demo2" time="0.001"/>
  <testcase classname="TestNG.CarLoans" name="APICarLoan" time="0.001"/>
  <testcase classname="TestNG.CarLoans" name="mobileCarLoan" time="0.001"/>
  <testcase classname="TestNG.CarLoans" name="webCarLoan" time="0.001"/>
</testsuite> <!-- Test -->
